# JRE version: Java(TM) SE Runtime Environment (8.0_151-b12) (build 1.8.0_151-b12)
# Java VM: Java HotSpot(TM) 64-Bit Server VM (25.151-b12 mixed mode windows-amd64 compressed oops)
Heap:
 PSYoungGen      total 18432K, used 7679K [0x00000000eb780000, 0x00000000ecc00000, 0x0000000100000000)
  eden space 15872K, 39% used [0x00000000eb780000,0x00000000ebd9d1f8,0x00000000ec700000)
  from space 2560K, 55% used [0x00000000ec980000,0x00000000ecae2dc0,0x00000000ecc00000)
  to   space 2560K, 0% used [0x00000000ec700000,0x00000000ec700000,0x00000000ec980000)
 ParOldGen       total 23552K, used 8378K [0x00000000c2600000, 0x00000000c3d00000, 0x00000000eb780000)
  object space 23552K, 35% used [0x00000000c2600000,0x00000000c2e2ea88,0x00000000c3d00000)
 Metaspace       used 23727K, capacity 24698K, committed 24832K, reserved 1077248K
  class space    used 3200K, capacity 3475K, committed 3584K, reserved 1048576K
GC Heap History (10 events):
Event: 19.595 GC heap before
{Heap before GC invocations=16 (full 1):
 PSYoungGen      total 18432K, used 17024K [0x00000000eb780000, 0x00000000ecc00000, 0x0000000100000000)
  eden space 15872K, 100% used [0x00000000eb780000,0x00000000ec700000,0x00000000ec700000)
  from space 2560K, 45% used [0x00000000ec980000,0x00000000ecaa0000,0x00000000ecc00000)
  to   space 2560K, 0% used [0x00000000ec700000,0x00000000ec700000,0x00000000ec980000)
 ParOldGen       total 23552K, used 8266K [0x00000000c2600000, 0x00000000c3d00000, 0x00000000eb780000)
  object space 23552K, 35% used [0x00000000c2600000,0x00000000c2e129a8,0x00000000c3d00000)
 Metaspace       used 21171K, capacity 22008K, committed 22272K, reserved 1073152K
  class space    used 2823K, capacity 3021K, committed 3072K, reserved 1048576K
Event: 19.600 GC heap after
Heap after GC invocations=16 (full 1):
 PSYoungGen      total 18432K, used 1713K [0x00000000eb780000, 0x00000000ecc00000, 0x0000000100000000)
  eden space 15872K, 0% used [0x00000000eb780000,0x00000000eb780000,0x00000000ec700000)
  from space 2560K, 66% used [0x00000000ec700000,0x00000000ec8ac670,0x00000000ec980000)
  to   space 2560K, 0% used [0x00000000ec980000,0x00000000ec980000,0x00000000ecc00000)
 ParOldGen       total 23552K, used 8930K [0x00000000c2600000, 0x00000000c3d00000, 0x00000000eb780000)
  object space 23552K, 37% used [0x00000000c2600000,0x00000000c2eb89a8,0x00000000c3d00000)
 Metaspace       used 21171K, capacity 22008K, committed 22272K, reserved 1073152K
  class space    used 2823K, capacity 3021K, committed 3072K, reserved 1048576K
}
Event: 19.901 GC heap before
{Heap before GC invocations=17 (full 1):
 PSYoungGen      total 18432K, used 6623K [0x00000000eb780000, 0x00000000ecc00000, 0x0000000100000000)
  eden space 15872K, 30% used [0x00000000eb780000,0x00000000ebc4b678,0x00000000ec700000)
  from space 2560K, 66% used [0x00000000ec700000,0x00000000ec8ac670,0x00000000ec980000)
  to   space 2560K, 0% used [0x00000000ec980000,0x00000000ec980000,0x00000000ecc00000)
 ParOldGen       total 23552K, used 8930K [0x00000000c2600000, 0x00000000c3d00000, 0x00000000eb780000)
  object space 23552K, 37% used [0x00000000c2600000,0x00000000c2eb89a8,0x00000000c3d00000)
 Metaspace       used 21390K, capacity 22174K, committed 22272K, reserved 1077248K
  class space    used 2858K, capacity 3054K, committed 3072K, reserved 1048576K
Event: 19.907 GC heap after
Heap after GC invocations=17 (full 1):
 PSYoungGen      total 18432K, used 512K [0x00000000eb780000, 0x00000000ecc00000, 0x0000000100000000)
  eden space 15872K, 0% used [0x00000000eb780000,0x00000000eb780000,0x00000000ec700000)
  from space 2560K, 20% used [0x00000000ec980000,0x00000000eca00000,0x00000000ecc00000)
  to   space 2560K, 0% used [0x00000000ec700000,0x00000000ec700000,0x00000000ec980000)
 ParOldGen       total 23552K, used 9506K [0x00000000c2600000, 0x00000000c3d00000, 0x00000000eb780000)
  object space 23552K, 40% used [0x00000000c2600000,0x00000000c2f489a8,0x00000000c3d00000)
 Metaspace       used 21390K, capacity 22174K, committed 22272K, reserved 1077248K
  class space    used 2858K, capacity 3054K, committed 3072K, reserved 1048576K
}
Event: 19.907 GC heap before
{Heap before GC invocations=18 (full 2):
 PSYoungGen      total 18432K, used 512K [0x00000000eb780000, 0x00000000ecc00000, 0x0000000100000000)
  eden space 15872K, 0% used [0x00000000eb780000,0x00000000eb780000,0x00000000ec700000)
  from space 2560K, 20% used [0x00000000ec980000,0x00000000eca00000,0x00000000ecc00000)
  to   space 2560K, 0% used [0x00000000ec700000,0x00000000ec700000,0x00000000ec980000)
 ParOldGen       total 23552K, used 9506K [0x00000000c2600000, 0x00000000c3d00000, 0x00000000eb780000)
  object space 23552K, 40% used [0x00000000c2600000,0x00000000c2f489a8,0x00000000c3d00000)
 Metaspace       used 21390K, capacity 22174K, committed 22272K, reserved 1077248K
  class space    used 2858K, capacity 3054K, committed 3072K, reserved 1048576K
Event: 19.990 GC heap after
Heap after GC invocations=18 (full 2):
 PSYoungGen      total 18432K, used 0K [0x00000000eb780000, 0x00000000ecc00000, 0x0000000100000000)
  eden space 15872K, 0% used [0x00000000eb780000,0x00000000eb780000,0x00000000ec700000)
  from space 2560K, 0% used [0x00000000ec980000,0x00000000ec980000,0x00000000ecc00000)
  to   space 2560K, 0% used [0x00000000ec700000,0x00000000ec700000,0x00000000ec980000)
 ParOldGen       total 23552K, used 7730K [0x00000000c2600000, 0x00000000c3d00000, 0x00000000eb780000)
  object space 23552K, 32% used [0x00000000c2600000,0x00000000c2d8ca88,0x00000000c3d00000)
 Metaspace       used 21390K, capacity 22174K, committed 22272K, reserved 1073152K
  class space    used 2858K, capacity 3054K, committed 3072K, reserved 1048576K
}
Event: 21.005 GC heap before
{Heap before GC invocations=19 (full 2):
 PSYoungGen      total 18432K, used 15872K [0x00000000eb780000, 0x00000000ecc00000, 0x0000000100000000)
  eden space 15872K, 100% used [0x00000000eb780000,0x00000000ec700000,0x00000000ec700000)
  from space 2560K, 0% used [0x00000000ec980000,0x00000000ec980000,0x00000000ecc00000)
  to   space 2560K, 0% used [0x00000000ec700000,0x00000000ec700000,0x00000000ec980000)
 ParOldGen       total 23552K, used 7730K [0x00000000c2600000, 0x00000000c3d00000, 0x00000000eb780000)
  object space 23552K, 32% used [0x00000000c2600000,0x00000000c2d8ca88,0x00000000c3d00000)
 Metaspace       used 22367K, capacity 23292K, committed 23552K, reserved 1077248K
  class space    used 3025K, capacity 3246K, committed 3328K, reserved 1048576K
Event: 21.008 GC heap after
Heap after GC invocations=19 (full 2):
 PSYoungGen      total 18432K, used 1648K [0x00000000eb780000, 0x00000000ecc00000, 0x0000000100000000)
  eden space 15872K, 0% used [0x00000000eb780000,0x00000000eb780000,0x00000000ec700000)
  from space 2560K, 64% used [0x00000000ec700000,0x00000000ec89c268,0x00000000ec980000)
  to   space 2560K, 0% used [0x00000000ec980000,0x00000000ec980000,0x00000000ecc00000)
 ParOldGen       total 23552K, used 7738K [0x00000000c2600000, 0x00000000c3d00000, 0x00000000eb780000)
  object space 23552K, 32% used [0x00000000c2600000,0x00000000c2d8ea88,0x00000000c3d00000)
 Metaspace       used 22367K, capacity 23292K, committed 23552K, reserved 1077248K
  class space    used 3025K, capacity 3246K, committed 3328K, reserved 1048576K
}
Event: 21.625 GC heap before
{Heap before GC invocations=20 (full 2):
 PSYoungGen      total 18432K, used 17520K [0x00000000eb780000, 0x00000000ecc00000, 0x0000000100000000)
  eden space 15872K, 100% used [0x00000000eb780000,0x00000000ec700000,0x00000000ec700000)
  from space 2560K, 64% used [0x00000000ec700000,0x00000000ec89c268,0x00000000ec980000)
  to   space 2560K, 0% used [0x00000000ec980000,0x00000000ec980000,0x00000000ecc00000)
 ParOldGen       total 23552K, used 7738K [0x00000000c2600000, 0x00000000c3d00000, 0x00000000eb780000)
  object space 23552K, 32% used [0x00000000c2600000,0x00000000c2d8ea88,0x00000000c3d00000)
 Metaspace       used 23443K, capacity 24410K, committed 24448K, reserved 1077248K
  class space    used 3170K, capacity 3443K, committed 3456K, reserved 1048576K
Event: 21.629 GC heap after
Heap after GC invocations=20 (full 2):
 PSYoungGen      total 18432K, used 1419K [0x00000000eb780000, 0x00000000ecc00000, 0x0000000100000000)
  eden space 15872K, 0% used [0x00000000eb780000,0x00000000eb780000,0x00000000ec700000)
  from space 2560K, 55% used [0x00000000ec980000,0x00000000ecae2dc0,0x00000000ecc00000)
  to   space 2560K, 0% used [0x00000000ec700000,0x00000000ec700000,0x00000000ec980000)
 ParOldGen       total 23552K, used 8378K [0x00000000c2600000, 0x00000000c3d00000, 0x00000000eb780000)
  object space 23552K, 35% used [0x00000000c2600000,0x00000000c2e2ea88,0x00000000c3d00000)
 Metaspace       used 23443K, capacity 24410K, committed 24448K, reserved 1077248K
  class space    used 3170K, capacity 3443K, committed 3456K, reserved 1048576K
}

