Heap:
 PSYoungGen      total 202752K, used 0K [0x00000000eb780000, 0x00000000f8d00000, 0x0000000100000000)
  eden space 188416K, 0% used [0x00000000eb780000,0x00000000eb780000,0x00000000f6f80000)
  from space 14336K, 0% used [0x00000000f6f80000,0x00000000f6f80000,0x00000000f7d80000)
  to   space 11776K, 0% used [0x00000000f7d80000,0x00000000f7d80000,0x00000000f8900000)
 ParOldGen       total 46080K, used 15947K [0x00000000c2600000, 0x00000000c5300000, 0x00000000eb780000)
  object space 46080K, 34% used [0x00000000c2600000,0x00000000c3592c60,0x00000000c5300000)
 Metaspace       used 38071K, capacity 39653K, committed 40064K, reserved 1093632K
  class space    used 5360K, capacity 5706K, committed 5760K, reserved 1048576K
GC Heap History (10 events):
Event: 121.754 GC heap before
{Heap before GC invocations=18 (full 5):
 PSYoungGen      total 202752K, used 0K [0x00000000eb780000, 0x00000000f8d00000, 0x0000000100000000)
  eden space 188416K, 0% used [0x00000000eb780000,0x00000000eb780000,0x00000000f6f80000)
  from space 14336K, 0% used [0x00000000f6f80000,0x00000000f6f80000,0x00000000f7d80000)
  to   space 11776K, 0% used [0x00000000f7d80000,0x00000000f7d80000,0x00000000f8900000)
 ParOldGen       total 46080K, used 19053K [0x00000000c2600000, 0x00000000c5300000, 0x00000000eb780000)
  object space 46080K, 41% used [0x00000000c2600000,0x00000000c389b400,0x00000000c5300000)
 Metaspace       used 38215K, capacity 39883K, committed 40064K, reserved 1093632K
  class space    used 5384K, capacity 5749K, committed 5760K, reserved 1048576K
Event: 121.913 GC heap after
Heap after GC invocations=18 (full 5):
 PSYoungGen      total 202752K, used 0K [0x00000000eb780000, 0x00000000f8d00000, 0x0000000100000000)
  eden space 188416K, 0% used [0x00000000eb780000,0x00000000eb780000,0x00000000f6f80000)
  from space 14336K, 0% used [0x00000000f6f80000,0x00000000f6f80000,0x00000000f7d80000)
  to   space 11776K, 0% used [0x00000000f7d80000,0x00000000f7d80000,0x00000000f8900000)
 ParOldGen       total 46080K, used 15962K [0x00000000c2600000, 0x00000000c5300000, 0x00000000eb780000)
  object space 46080K, 34% used [0x00000000c2600000,0x00000000c3596aa0,0x00000000c5300000)
 Metaspace       used 38071K, capacity 39653K, committed 40064K, reserved 1089536K
  class space    used 5360K, capacity 5706K, committed 5760K, reserved 1048576K
}
Event: 121.914 GC heap before
{Heap before GC invocations=19 (full 5):
 PSYoungGen      total 202752K, used 3016K [0x00000000eb780000, 0x00000000f8d00000, 0x0000000100000000)
  eden space 188416K, 1% used [0x00000000eb780000,0x00000000eba722d8,0x00000000f6f80000)
  from space 14336K, 0% used [0x00000000f6f80000,0x00000000f6f80000,0x00000000f7d80000)
  to   space 11776K, 0% used [0x00000000f7d80000,0x00000000f7d80000,0x00000000f8900000)
 ParOldGen       total 46080K, used 15962K [0x00000000c2600000, 0x00000000c5300000, 0x00000000eb780000)
  object space 46080K, 34% used [0x00000000c2600000,0x00000000c3596aa0,0x00000000c5300000)
 Metaspace       used 38071K, capacity 39653K, committed 40064K, reserved 1095680K
  class space    used 5360K, capacity 5706K, committed 5760K, reserved 1048576K
Event: 121.916 GC heap after
Heap after GC invocations=19 (full 5):
 PSYoungGen      total 200192K, used 96K [0x00000000eb780000, 0x00000000f8d00000, 0x0000000100000000)
  eden space 188416K, 0% used [0x00000000eb780000,0x00000000eb780000,0x00000000f6f80000)
  from space 11776K, 0% used [0x00000000f7d80000,0x00000000f7d98000,0x00000000f8900000)
  to   space 14336K, 0% used [0x00000000f6f80000,0x00000000f6f80000,0x00000000f7d80000)
 ParOldGen       total 46080K, used 15962K [0x00000000c2600000, 0x00000000c5300000, 0x00000000eb780000)
  object space 46080K, 34% used [0x00000000c2600000,0x00000000c3596aa0,0x00000000c5300000)
 Metaspace       used 38071K, capacity 39653K, committed 40064K, reserved 1095680K
  class space    used 5360K, capacity 5706K, committed 5760K, reserved 1048576K
}
Event: 121.916 GC heap before
{Heap before GC invocations=20 (full 6):
 PSYoungGen      total 200192K, used 96K [0x00000000eb780000, 0x00000000f8d00000, 0x0000000100000000)
  eden space 188416K, 0% used [0x00000000eb780000,0x00000000eb780000,0x00000000f6f80000)
  from space 11776K, 0% used [0x00000000f7d80000,0x00000000f7d98000,0x00000000f8900000)
  to   space 14336K, 0% used [0x00000000f6f80000,0x00000000f6f80000,0x00000000f7d80000)
 ParOldGen       total 46080K, used 15962K [0x00000000c2600000, 0x00000000c5300000, 0x00000000eb780000)
  object space 46080K, 34% used [0x00000000c2600000,0x00000000c3596aa0,0x00000000c5300000)
 Metaspace       used 38071K, capacity 39653K, committed 40064K, reserved 1095680K
  class space    used 5360K, capacity 5706K, committed 5760K, reserved 1048576K
Event: 121.971 GC heap after
Heap after GC invocations=20 (full 6):
 PSYoungGen      total 200192K, used 0K [0x00000000eb780000, 0x00000000f8d00000, 0x0000000100000000)
  eden space 188416K, 0% used [0x00000000eb780000,0x00000000eb780000,0x00000000f6f80000)
  from space 11776K, 0% used [0x00000000f7d80000,0x00000000f7d80000,0x00000000f8900000)
  to   space 14336K, 0% used [0x00000000f6f80000,0x00000000f6f80000,0x00000000f7d80000)
 ParOldGen       total 46080K, used 15947K [0x00000000c2600000, 0x00000000c5300000, 0x00000000eb780000)
  object space 46080K, 34% used [0x00000000c2600000,0x00000000c3592cb0,0x00000000c5300000)
 Metaspace       used 38071K, capacity 39653K, committed 40064K, reserved 1089536K
  class space    used 5360K, capacity 5706K, committed 5760K, reserved 1048576K
}
Event: 121.971 GC heap before
{Heap before GC invocations=21 (full 6):
 PSYoungGen      total 200192K, used 0K [0x00000000eb780000, 0x00000000f8d00000, 0x0000000100000000)
  eden space 188416K, 0% used [0x00000000eb780000,0x00000000eb780000,0x00000000f6f80000)
  from space 11776K, 0% used [0x00000000f7d80000,0x00000000f7d80000,0x00000000f8900000)
  to   space 14336K, 0% used [0x00000000f6f80000,0x00000000f6f80000,0x00000000f7d80000)
 ParOldGen       total 46080K, used 15947K [0x00000000c2600000, 0x00000000c5300000, 0x00000000eb780000)
  object space 46080K, 34% used [0x00000000c2600000,0x00000000c3592cb0,0x00000000c5300000)
 Metaspace       used 38071K, capacity 39653K, committed 40064K, reserved 1093632K
  class space    used 5360K, capacity 5706K, committed 5760K, reserved 1048576K
Event: 121.973 GC heap after
Heap after GC invocations=21 (full 6):
 PSYoungGen      total 202752K, used 0K [0x00000000eb780000, 0x00000000f8d00000, 0x0000000100000000)
  eden space 188416K, 0% used [0x00000000eb780000,0x00000000eb780000,0x00000000f6f80000)
  from space 14336K, 0% used [0x00000000f6f80000,0x00000000f6f80000,0x00000000f7d80000)
  to   space 11776K, 0% used [0x00000000f7d80000,0x00000000f7d80000,0x00000000f8900000)
 ParOldGen       total 46080K, used 15947K [0x00000000c2600000, 0x00000000c5300000, 0x00000000eb780000)
  object space 46080K, 34% used [0x00000000c2600000,0x00000000c3592cb0,0x00000000c5300000)
 Metaspace       used 38071K, capacity 39653K, committed 40064K, reserved 1093632K
  class space    used 5360K, capacity 5706K, committed 5760K, reserved 1048576K
}
Event: 121.973 GC heap before
{Heap before GC invocations=22 (full 7):
 PSYoungGen      total 202752K, used 0K [0x00000000eb780000, 0x00000000f8d00000, 0x0000000100000000)
  eden space 188416K, 0% used [0x00000000eb780000,0x00000000eb780000,0x00000000f6f80000)
  from space 14336K, 0% used [0x00000000f6f80000,0x00000000f6f80000,0x00000000f7d80000)
  to   space 11776K, 0% used [0x00000000f7d80000,0x00000000f7d80000,0x00000000f8900000)
 ParOldGen       total 46080K, used 15947K [0x00000000c2600000, 0x00000000c5300000, 0x00000000eb780000)
  object space 46080K, 34% used [0x00000000c2600000,0x00000000c3592cb0,0x00000000c5300000)
 Metaspace       used 38071K, capacity 39653K, committed 40064K, reserved 1093632K
  class space    used 5360K, capacity 5706K, committed 5760K, reserved 1048576K
Event: 122.054 GC heap after
Heap after GC invocations=22 (full 7):
 PSYoungGen      total 202752K, used 0K [0x00000000eb780000, 0x00000000f8d00000, 0x0000000100000000)
  eden space 188416K, 0% used [0x00000000eb780000,0x00000000eb780000,0x00000000f6f80000)
  from space 14336K, 0% used [0x00000000f6f80000,0x00000000f6f80000,0x00000000f7d80000)
  to   space 11776K, 0% used [0x00000000f7d80000,0x00000000f7d80000,0x00000000f8900000)
 ParOldGen       total 46080K, used 15947K [0x00000000c2600000, 0x00000000c5300000, 0x00000000eb780000)
  object space 46080K, 34% used [0x00000000c2600000,0x00000000c3592c60,0x00000000c5300000)
 Metaspace       used 38071K, capacity 39653K, committed 40064K, reserved 1089536K
  class space    used 5360K, capacity 5706K, committed 5760K, reserved 1048576K
}

